mode: atomic
_/Users/Tajlando/code/kata/gotdd/src/tdd/fizzbuzz.go:5.32,6.21 1 5
_/Users/Tajlando/code/kata/gotdd/src/tdd/fizzbuzz.go:13.2,13.28 1 1
_/Users/Tajlando/code/kata/gotdd/src/tdd/fizzbuzz.go:6.21,8.3 1 1
_/Users/Tajlando/code/kata/gotdd/src/tdd/fizzbuzz.go:8.3,8.26 1 4
_/Users/Tajlando/code/kata/gotdd/src/tdd/fizzbuzz.go:8.26,10.3 1 1
_/Users/Tajlando/code/kata/gotdd/src/tdd/fizzbuzz.go:10.3,10.27 1 3
_/Users/Tajlando/code/kata/gotdd/src/tdd/fizzbuzz.go:10.27,12.3 1 2
_/Users/Tajlando/code/kata/gotdd/src/tdd/sum.go:4.23,6.2 1 1
